0 info it worked if it ends with ok
1 verbose cli [ '/usr/local/bin/node', '/usr/local/bin/npm', 'run', 'test' ]
2 info using npm@3.10.10
3 info using node@v6.10.2
4 verbose run-script [ 'pretest', 'test', 'posttest' ]
5 info lifecycle api-kernel@0.0.1~pretest: api-kernel@0.0.1
6 silly lifecycle api-kernel@0.0.1~pretest: no script for pretest, continuing
7 info lifecycle api-kernel@0.0.1~test: api-kernel@0.0.1
8 verbose lifecycle api-kernel@0.0.1~test: unsafe-perm in lifecycle true
9 verbose lifecycle api-kernel@0.0.1~test: PATH: /usr/local/lib/node_modules/npm/bin/node-gyp-bin:/Users/mac/Documents/mestrado-ecattle/api-kernel/node_modules/.bin:/Users/mac/.rvm/gems/ruby-2.3.0/bin:/Users/mac/.rvm/gems/ruby-2.3.0@global/bin:/Users/mac/.rvm/rubies/ruby-2.3.0/bin:/opt/local/bin:/opt/local/sbin:/usr/bin:/bin:/usr/sbin:/sbin:/usr/local/bin:/opt/X11/bin:/Users/mac/.rvm/gems/ruby-2.3.0/bin:/Users/mac/.rvm/gems/ruby-2.3.0@global/bin:/Users/mac/.rvm/rubies/ruby-2.3.0/bin:/opt/local/bin:/opt/local/sbin:/Users/mac/apache-maven-3.2.5/bin:/Users/mac/.rvm/bin:/Users/mac/apache-maven-3.2.5/bin:/Users/mac/.rvm/bin
10 verbose lifecycle api-kernel@0.0.1~test: CWD: /Users/mac/Documents/mestrado-ecattle/api-kernel
11 silly lifecycle api-kernel@0.0.1~test: Args: [ '-c', 'mocha' ]
12 silly lifecycle api-kernel@0.0.1~test: Returned: code: 1  signal: null
13 info lifecycle api-kernel@0.0.1~test: Failed to exec test script
14 verbose stack Error: api-kernel@0.0.1 test: `mocha`
14 verbose stack Exit status 1
14 verbose stack     at EventEmitter.<anonymous> (/usr/local/lib/node_modules/npm/lib/utils/lifecycle.js:255:16)
14 verbose stack     at emitTwo (events.js:106:13)
14 verbose stack     at EventEmitter.emit (events.js:191:7)
14 verbose stack     at ChildProcess.<anonymous> (/usr/local/lib/node_modules/npm/lib/utils/spawn.js:40:14)
14 verbose stack     at emitTwo (events.js:106:13)
14 verbose stack     at ChildProcess.emit (events.js:191:7)
14 verbose stack     at maybeClose (internal/child_process.js:886:16)
14 verbose stack     at Process.ChildProcess._handle.onexit (internal/child_process.js:226:5)
15 verbose pkgid api-kernel@0.0.1
16 verbose cwd /Users/mac/Documents/mestrado-ecattle/api-kernel/src
17 error Darwin 17.2.0
18 error argv "/usr/local/bin/node" "/usr/local/bin/npm" "run" "test"
19 error node v6.10.2
20 error npm  v3.10.10
21 error code ELIFECYCLE
22 error api-kernel@0.0.1 test: `mocha`
22 error Exit status 1
23 error Failed at the api-kernel@0.0.1 test script 'mocha'.
23 error Make sure you have the latest version of node.js and npm installed.
23 error If you do, this is most likely a problem with the api-kernel package,
23 error not with npm itself.
23 error Tell the author that this fails on your system:
23 error     mocha
23 error You can get information on how to open an issue for this project with:
23 error     npm bugs api-kernel
23 error Or if that isn't available, you can get their info via:
23 error     npm owner ls api-kernel
23 error There is likely additional logging output above.
24 verbose exit [ 1, true ]
